wget -O- https://raw.githubusercontent.com/popstas/ansible-ubuntu-desktop/master/setup.sh | sh


https://github.com/search?o=desc&p=5&q=ansible+ubuntu&s=stars&type=Repositories&utf8=%E2%9C%93
https://github.com/jdauphant/ansible-ubuntu-desktop
https://github.com/fabiokr/ansible-ubuntu
https://github.com/kalos/ansible-desktop


gksu
unity-tweak-tool
#python-compizconfig


oracle-java-8 ?


vagrant
sudo ansible-galaxy install denkhaus.vagrant
#ansible-galaxy install jdauphant.sublimetext
https://raw.githubusercontent.com/mitchellh/vagrant/v1.7.2/version.txt


btsync
https://github.com/francois2metz/ansible-btsync
 or
https://github.com/francois2metz/ansible-btsync

  btsync/directory_root: /media/data/BTSync
  btsync/runas: popstas


docker
https://github.com/geerlingguy/ansible-vagrant-examples/tree/master/docker
sudo usermod -aG docker {{username}} # https://docs.docker.com/installation/ubuntulinux/#giving-non-root-access


через ubuntu tweak:
chrome
skype


sublime
https://github.com/ansible-roles/ansible-role-sublimetext3_packagecontrol
webupd8team/sublime-text-3


gxneur
sudo add-apt-repository ppa:andrew-crew-kuznetsov/xneur-unstable

#apt-add-repository ppa:gurqn/systray-trusty # gxneur tray patch, http://compizomania.blogspot.com/2014/05/xneur-switcher-0170-ubuntu-1404.html


gnome-terminal-solarized
https://github.com/Anthony25/gnome-terminal-colors-solarized/tree/master/colors/dark_alternative


firefox & chrome autoscroll
firefox addons, stylish, scriptish


monut ntfs partitions


git config --global user.email "popstas@gmail.com"
git config --global user.name "popstas"


sudo apt-get install language-pack-ru
 or
sudo locale-gen ru_RU.UTF-8

apt-add-repository ppa:xorg-edgers/ppa 

thefuck

# hotkeys in java apps
https://github.com/zheludkovm/LinuxJavaFixes

sudo apt-add-repository ppa:purple-vk-plugin/dev
sudo apt-get install pidgin purple-vk-plugin
autorun

# todo
terminal alt-ctrl-f1: цвета

phpstorm unity shortcut


# xubuntu-desktop
add-apt-repository ppa:dockbar-main/ppa
sudo apt-get install dockbarx

http://goodies.xfce.org/projects/panel-plugins/xfce4-windowck-plugin
http://www.webupd8.org/2014/07/xubuntu-how-to-put-maximized-windows.html


/etc/fstab
UUID=D0BCD343BCD322B0 /media/data            ntfs-3g    defaults              0       0
UUID=C404702504701C9C /media/media            ntfs-3g    rw,uid=1000,nosuid,nodev,allow_other,default_permissions,blksize=4096              0       0
